{
  "RSpec": {
    "coverage": {
      "/Users/uburger/Makers/Bookmark_challenge/bookmarker-challenge/app.rb": {
        "lines": [
          1,
          1,
          1,
          null,
          1,
          1,
          1,
          null,
          null,
          1,
          1,
          null,
          null,
          1,
          3,
          3,
          null,
          null,
          1,
          1,
          null,
          1,
          null,
          null,
          1,
          1,
          null,
          null,
          1,
          null
        ]
      },
      "/Users/uburger/Makers/Bookmark_challenge/bookmarker-challenge/lib/bookmark.rb": {
        "lines": [
          1,
          1,
          null,
          1,
          5,
          5,
          null,
          0,
          null,
          5,
          17,
          null,
          null,
          1,
          2,
          2,
          null,
          0,
          null,
          null,
          2,
          null,
          null
        ]
      },
      "/Users/uburger/Makers/Bookmark_challenge/bookmarker-challenge/spec/features/add_new_bookmarks_spec.rb": {
        "lines": [
          1,
          null,
          1,
          1,
          1,
          1,
          1,
          null,
          1,
          null,
          null
        ]
      },
      "/Users/uburger/Makers/Bookmark_challenge/bookmarker-challenge/spec/features/test_spec.rb": {
        "lines": [
          1,
          null,
          1,
          1,
          1,
          1,
          null,
          null,
          null,
          1,
          1,
          1,
          1,
          null,
          null,
          null
        ]
      },
      "/Users/uburger/Makers/Bookmark_challenge/bookmarker-challenge/spec/features/view_bookmarks_spec.rb": {
        "lines": [
          1,
          null,
          1,
          1,
          1,
          1,
          null,
          null,
          null,
          1,
          1,
          1,
          null,
          null,
          1,
          1,
          1,
          null,
          1,
          null,
          1,
          1,
          1,
          null,
          null,
          1,
          1,
          1,
          null,
          1,
          null,
          null,
          null,
          null
        ]
      }
    },
    "timestamp": 1635958488
  }
}
